0 info it worked if it ends with ok
1 verbose cli [ '/usr/bin/node', '/usr/bin/npm', 'run', 'devStart' ]
2 info using npm@3.5.2
3 info using node@v8.10.0
4 verbose run-script [ 'predevStart', 'devStart', 'postdevStart' ]
5 info lifecycle freelaunch@1.0.0~predevStart: freelaunch@1.0.0
6 silly lifecycle freelaunch@1.0.0~predevStart: no script for predevStart, continuing
7 info lifecycle freelaunch@1.0.0~devStart: freelaunch@1.0.0
8 verbose lifecycle freelaunch@1.0.0~devStart: unsafe-perm in lifecycle true
9 verbose lifecycle freelaunch@1.0.0~devStart: PATH: /usr/share/npm/bin/node-gyp-bin:/home/ubuntu/bcc-internship/node_modules/.bin:/usr/local/sbin:/usr/local/bin:/usr/sbin:/usr/bin:/sbin:/bin:/snap/bin
10 verbose lifecycle freelaunch@1.0.0~devStart: CWD: /home/ubuntu/bcc-internship
11 silly lifecycle freelaunch@1.0.0~devStart: Args: [ '-c', 'nodemon server.js' ]
12 info lifecycle freelaunch@1.0.0~devStart: Failed to exec devStart script
13 verbose stack Error: freelaunch@1.0.0 devStart: `nodemon server.js`
13 verbose stack spawn ENOENT
13 verbose stack     at ChildProcess.<anonymous> (/usr/share/npm/lib/utils/spawn.js:17:16)
13 verbose stack     at emitTwo (events.js:126:13)
13 verbose stack     at ChildProcess.emit (events.js:214:7)
13 verbose stack     at maybeClose (internal/child_process.js:925:16)
13 verbose stack     at Process.ChildProcess._handle.onexit (internal/child_process.js:209:5)
14 verbose pkgid freelaunch@1.0.0
15 verbose cwd /home/ubuntu/bcc-internship
16 error Linux 5.4.0-1038-aws
17 error argv "/usr/bin/node" "/usr/bin/npm" "run" "devStart"
18 error node v8.10.0
19 error npm  v3.5.2
20 error file sh
21 error code ELIFECYCLE
22 error errno ENOENT
23 error syscall spawn
24 error freelaunch@1.0.0 devStart: `nodemon server.js`
24 error spawn ENOENT
25 error Failed at the freelaunch@1.0.0 devStart script 'nodemon server.js'.
25 error Make sure you have the latest version of node.js and npm installed.
25 error If you do, this is most likely a problem with the freelaunch package,
25 error not with npm itself.
25 error Tell the author that this fails on your system:
25 error     nodemon server.js
25 error You can get information on how to open an issue for this project with:
25 error     npm bugs freelaunch
25 error Or if that isn't available, you can get their info via:
25 error     npm owner ls freelaunch
25 error There is likely additional logging output above.
26 verbose exit [ 1, true ]
